<?xml version="1.0" encoding="UTF-8"?>
<testsuite name="org.apache.tika.parser.pdf.PDFParserTest" time="19.855" tests="34" errors="0" skipped="0" failures="0">
  <properties>
[...]
</properties>
  <testcase name="testOSSpecificEmbeddedFileExtraction" classname="org.apache.tika.parser.pdf.PDFParserTest" time="0.054"/>
  <testcase name="testSignatureInAcroForm" classname="org.apache.tika.parser.pdf.PDFParserTest" time="0.073"/>
  <testcase name="testDisableAutoSpace" classname="org.apache.tika.parser.pdf.PDFParserTest" time="0.062"/>
  <testcase name="testDuplicateOverlappingText" classname="org.apache.tika.parser.pdf.PDFParserTest" time="0.039"/>
  <testcase name="testEmbeddedPDFs" classname="org.apache.tika.parser.pdf.PDFParserTest" time="0.171"/>
  <testcase name="testAnnotations" classname="org.apache.tika.parser.pdf.PDFParserTest" time="0.048"/>
  <testcase name="testBookmarks" classname="org.apache.tika.parser.pdf.PDFParserTest" time="0.041"/>
  <testcase name="testEmbeddedPDFEmbeddingAnotherDocument" classname="org.apache.tika.parser.pdf.PDFParserTest" time="0.146"/>
  <testcase name="testVersions" classname="org.apache.tika.parser.pdf.PDFParserTest" time="0.113"/>
  <testcase name="testLinks" classname="org.apache.tika.parser.pdf.PDFParserTest" time="0.052"/>
  <testcase name="testSortByPosition" classname="org.apache.tika.parser.pdf.PDFParserTest" time="0.057"/>
  <testcase name="testEmbeddedFileMarkup" classname="org.apache.tika.parser.pdf.PDFParserTest" time="3.061"/>
  <testcase name="testEmbeddedFileNameExtraction" classname="org.apache.tika.parser.pdf.PDFParserTest" time="0.025"/>
  <testcase name="testEmbeddedFilesInAnnotations" classname="org.apache.tika.parser.pdf.PDFParserTest" time="0.035"/>
  <testcase name="testLegacyAccessChecking" classname="org.apache.tika.parser.pdf.PDFParserTest" time="0.282"/>
  <testcase name="testInlineSelector" classname="org.apache.tika.parser.pdf.PDFParserTest" time="3.042"/>
  <testcase name="testMultipleTitles" classname="org.apache.tika.parser.pdf.PDFParserTest" time="0.029"/>
  <testcase name="testCustomMetadata" classname="org.apache.tika.parser.pdf.PDFParserTest" time="0.023"/>
  <testcase name="testVarious" classname="org.apache.tika.parser.pdf.PDFParserTest" time="0.024"/>
  <testcase name="testSequentialParser" classname="org.apache.tika.parser.pdf.PDFParserTest" time="6.142"/>
  <testcase name="testSingleCloseDoc" classname="org.apache.tika.parser.pdf.PDFParserTest" time="0.022"/>
  <testcase name="testAccessCheckingEmptyPassword" classname="org.apache.tika.parser.pdf.PDFParserTest" time="0.023"/>
  <testcase name="testPDFEncodedStringsInXMP" classname="org.apache.tika.parser.pdf.PDFParserTest" time="0.02"/>
  <testcase name="testTwoTextBoxes" classname="org.apache.tika.parser.pdf.PDFParserTest" time="0.015"/>
  <testcase name="testPageNumber" classname="org.apache.tika.parser.pdf.PDFParserTest" time="0.014"/>
  <testcase name="testAccessCheckingOwnerPassword" classname="org.apache.tika.parser.pdf.PDFParserTest" time="0.045"/>
  <testcase name="testPdfParsing" classname="org.apache.tika.parser.pdf.PDFParserTest" time="0.035"/>
  <testcase name="testInlineConfig" classname="org.apache.tika.parser.pdf.PDFParserTest" time="3.016"/>
  <testcase name="testProtectedPDF" classname="org.apache.tika.parser.pdf.PDFParserTest" time="0.633"/>
  <testcase name="testMultipleAuthors" classname="org.apache.tika.parser.pdf.PDFParserTest" time="0.017"/>
  <testcase name="testPdfParsingMetadataOnly" classname="org.apache.tika.parser.pdf.PDFParserTest" time="0.012"/>
  <testcase name="testPopupAnnotation" classname="org.apache.tika.parser.pdf.PDFParserTest" time="0.017"/>
  <testcase name="testEmbeddedFilesInChildren" classname="org.apache.tika.parser.pdf.PDFParserTest" time="2.437"/>
  <testcase name="testAccessCheckingUserPassword" classname="org.apache.tika.parser.pdf.PDFParserTest" time="0.03"/>
</testsuite>