<?xml version="1.0" encoding="UTF-8"?>
<testsuite name="org.apache.tika.parser.rtf.RTFParserTest" time="2.127" tests="32" errors="0" skipped="0" failures="0">
  <properties>
[...]
</properties>
  <testcase name="testWordPadCzechCharactersExtraction" classname="org.apache.tika.parser.rtf.RTFParserTest" time="0.002"/>
  <testcase name="testMetaDataCounts" classname="org.apache.tika.parser.rtf.RTFParserTest" time="0.041"/>
  <testcase name="testInvalidUnicode" classname="org.apache.tika.parser.rtf.RTFParserTest" time="0.003"/>
  <testcase name="testEmbeddedLinkedDocument" classname="org.apache.tika.parser.rtf.RTFParserTest" time="0.144"/>
  <testcase name="testListMicrosoftWord" classname="org.apache.tika.parser.rtf.RTFParserTest" time="0.014"/>
  <testcase name="testListOverride" classname="org.apache.tika.parser.rtf.RTFParserTest" time="0.015"/>
  <testcase name="testBoldItalic" classname="org.apache.tika.parser.rtf.RTFParserTest" time="0.013"/>
  <testcase name="testTextWithCurlyBraces" classname="org.apache.tika.parser.rtf.RTFParserTest" time="0.003"/>
  <testcase name="testUmlautSpacesExtraction" classname="org.apache.tika.parser.rtf.RTFParserTest" time="0.003"/>
  <testcase name="testVariousStyle" classname="org.apache.tika.parser.rtf.RTFParserTest" time="0.022"/>
  <testcase name="testMS932Extraction" classname="org.apache.tika.parser.rtf.RTFParserTest" time="0.009"/>
  <testcase name="testWord2010CzechCharactersExtraction" classname="org.apache.tika.parser.rtf.RTFParserTest" time="0.003"/>
  <testcase name="testHexEscapeInsideWord" classname="org.apache.tika.parser.rtf.RTFParserTest" time="0.001"/>
  <testcase name="testUmlautSpacesExtraction2" classname="org.apache.tika.parser.rtf.RTFParserTest" time="0.002"/>
  <testcase name="testVarious" classname="org.apache.tika.parser.rtf.RTFParserTest" time="0.005"/>
  <testcase name="testMaxLength" classname="org.apache.tika.parser.rtf.RTFParserTest" time="0.042"/>
  <testcase name="testListLibreOffice" classname="org.apache.tika.parser.rtf.RTFParserTest" time="0.018"/>
  <testcase name="testFontAfterBufferedText" classname="org.apache.tika.parser.rtf.RTFParserTest" time="0.017"/>
  <testcase name="testTableCellSeparation" classname="org.apache.tika.parser.rtf.RTFParserTest" time="0.002"/>
  <testcase name="testControls" classname="org.apache.tika.parser.rtf.RTFParserTest" time="0.008"/>
  <testcase name="testCorruptListOverride" classname="org.apache.tika.parser.rtf.RTFParserTest" time="0.004"/>
  <testcase name="testJapaneseText" classname="org.apache.tika.parser.rtf.RTFParserTest" time="0.005"/>
  <testcase name="testUnicodeUCNControlWordCharacterDoublingExtraction" classname="org.apache.tika.parser.rtf.RTFParserTest" time="0.004"/>
  <testcase name="testIgnoredControlWord" classname="org.apache.tika.parser.rtf.RTFParserTest" time="0.016"/>
  <testcase name="testEmbeddedMonster" classname="org.apache.tika.parser.rtf.RTFParserTest" time="1.656"/>
  <testcase name="testBinControlWord" classname="org.apache.tika.parser.rtf.RTFParserTest" time="0.026"/>
  <testcase name="testGothic" classname="org.apache.tika.parser.rtf.RTFParserTest" time="0.001"/>
  <testcase name="testHyperlink" classname="org.apache.tika.parser.rtf.RTFParserTest" time="0.035"/>
  <testcase name="testWindowsCodepage1250" classname="org.apache.tika.parser.rtf.RTFParserTest" time="0.001"/>
  <testcase name="testTableCellSeparation2" classname="org.apache.tika.parser.rtf.RTFParserTest" time="0.001"/>
  <testcase name="testMultipleNewlines" classname="org.apache.tika.parser.rtf.RTFParserTest" time="0.01"/>
  <testcase name="testBasicExtraction" classname="org.apache.tika.parser.rtf.RTFParserTest" time="0.001"/>
</testsuite>